

Started GET "/pages/test" for 127.0.0.1 at 2011-09-26 20:51:29 -0400
  Processing by PagesController#test as HTML
Rendered pages/test.html within layouts/application (2.8ms)
Completed 200 OK in 10ms (Views: 9.2ms | ActiveRecord: 0.0ms)


Started GET "/" for 127.0.0.1 at 2011-09-26 20:55:46 -0400

AbstractController::ActionNotFound (The action 'root' could not be found for PagesController):
  

Rendered vendor/bundle/gems/actionpack-3.0.3/lib/action_dispatch/middleware/templates/rescues/unknown_action.erb within rescues/layout (1.5ms)


Started GET "/" for 127.0.0.1 at 2011-09-26 20:55:46 -0400

AbstractController::ActionNotFound (The action 'root' could not be found for PagesController):
  

Rendered vendor/bundle/gems/actionpack-3.0.3/lib/action_dispatch/middleware/templates/rescues/unknown_action.erb within rescues/layout (1.4ms)


Started GET "/" for 127.0.0.1 at 2011-09-26 20:55:55 -0400
  Processing by PagesController#root as HTML
Rendered pages/root.html.erb within layouts/application (56.3ms)
Completed   in 61ms

ActionView::Template::Error (Missing partial shared/header with {:handlers=>[:erb, :rjs, :builder, :rhtml, :rxml], :formats=>[:html], :locale=>[:en, :en]} in view paths "/Users/dannypeck/Sites/Symmetrical-Records/app/views"):
    10: </head>
    11: <body>
    12: 
    13:   <%= render "shared/header" %>
    14:   <div id="wrapper">
    15:     <%= yield %>
    16:   </div>
  app/views/layouts/application.html.erb:13:in `_app_views_layouts_application_html_erb___2308597886257305093_70129601036800_420501786356721119'

Rendered vendor/bundle/gems/actionpack-3.0.3/lib/action_dispatch/middleware/templates/rescues/_trace.erb (2.7ms)
Rendered vendor/bundle/gems/actionpack-3.0.3/lib/action_dispatch/middleware/templates/rescues/_request_and_response.erb (4.5ms)
Rendered vendor/bundle/gems/actionpack-3.0.3/lib/action_dispatch/middleware/templates/rescues/template_error.erb within rescues/layout (28.5ms)


Started GET "/" for 127.0.0.1 at 2011-09-26 20:56:23 -0400
  Processing by PagesController#root as HTML
Rendered shared/_header.html.erb (0.5ms)
Rendered shared/_footer.html.erb (1.1ms)
Rendered pages/root.html.erb within layouts/application (8.5ms)
Completed 200 OK in 14ms (Views: 13.8ms | ActiveRecord: 0.0ms)


Started GET "/" for 127.0.0.1 at 2011-09-26 20:58:58 -0400
  Processing by PagesController#root as HTML
Rendered shared/_header.html.erb (0.4ms)
Rendered shared/_footer.html.erb (0.3ms)
Rendered pages/root.html.erb within layouts/application (5.2ms)
Completed 200 OK in 10ms (Views: 9.6ms | ActiveRecord: 0.0ms)


Started GET "/" for 127.0.0.1 at 2011-09-26 21:01:49 -0400
  Processing by PagesController#root as HTML
Rendered shared/_header.html.erb (0.4ms)
Rendered shared/_footer.html.erb (0.3ms)
Rendered pages/root.html.erb within layouts/application (4.9ms)
Completed 200 OK in 11ms (Views: 10.1ms | ActiveRecord: 0.0ms)


Started GET "/" for 127.0.0.1 at 2011-09-26 21:07:26 -0400
  Processing by PagesController#root as HTML
Rendered shared/_header.html.erb (0.4ms)
Rendered shared/_footer.html.erb (0.3ms)
Rendered pages/root.html.erb within layouts/application (4.9ms)
Completed 200 OK in 10ms (Views: 9.1ms | ActiveRecord: 0.0ms)


Started GET "/" for 127.0.0.1 at 2011-09-26 21:13:59 -0400
  Processing by PagesController#root as HTML
Rendered shared/_header.html.erb (0.3ms)
Rendered shared/_footer.html.erb (0.3ms)
Rendered pages/root.html.erb within layouts/application (4.4ms)
Completed 200 OK in 9ms (Views: 8.5ms | ActiveRecord: 0.0ms)


Started GET "/" for 127.0.0.1 at 2011-09-26 21:14:45 -0400
  Processing by PagesController#root as HTML
Rendered shared/_header.html.erb (0.4ms)
Rendered shared/_footer.html.erb (0.3ms)
Rendered pages/root.html.erb within layouts/application (5.2ms)
Completed 200 OK in 11ms (Views: 10.2ms | ActiveRecord: 0.0ms)


Started GET "/" for 127.0.0.1 at 2011-09-26 21:15:55 -0400
  Processing by PagesController#root as HTML
Rendered shared/_header.html.erb (0.3ms)
Rendered shared/_footer.html.erb (0.3ms)
Rendered pages/root.html.erb within layouts/application (4.5ms)
Completed 200 OK in 9ms (Views: 8.9ms | ActiveRecord: 0.0ms)


Started GET "/" for 127.0.0.1 at 2011-09-26 21:18:39 -0400
  Processing by PagesController#root as HTML
Rendered shared/_header.html.erb (0.3ms)
Rendered shared/_footer.html.erb (0.3ms)
Rendered pages/root.html.erb within layouts/application (5.4ms)
Completed 200 OK in 10ms (Views: 9.7ms | ActiveRecord: 0.0ms)


Started GET "/pages/artists" for 127.0.0.1 at 2011-09-26 21:18:42 -0400
  Processing by PagesController#artists as HTML
Rendered shared/_header.html.erb (0.4ms)
Rendered shared/_footer.html.erb (0.3ms)
Rendered pages/artists.html.erb within layouts/application (4.5ms)
Completed 200 OK in 12ms (Views: 11.2ms | ActiveRecord: 0.0ms)


Started GET "/pages/artists" for 127.0.0.1 at 2011-09-26 21:19:10 -0400
  Processing by PagesController#artists as HTML
Rendered shared/_header.html.erb (0.3ms)
Rendered shared/_footer.html.erb (0.3ms)
Rendered pages/artists.html.erb within layouts/application (4.3ms)
Completed 200 OK in 12ms (Views: 11.7ms | ActiveRecord: 0.0ms)


Started GET "/pages/artists" for 127.0.0.1 at 2011-09-26 21:20:01 -0400
  Processing by PagesController#artists as HTML
Rendered shared/_header.html.erb (0.4ms)
Rendered shared/_footer.html.erb (0.3ms)
Rendered pages/artists.html.erb within layouts/application (4.6ms)
Completed 200 OK in 11ms (Views: 10.2ms | ActiveRecord: 0.0ms)


Started GET "/pages/about" for 127.0.0.1 at 2011-09-26 21:20:03 -0400
  Processing by PagesController#about as HTML
Rendered shared/_header.html.erb (0.5ms)
Rendered shared/_footer.html.erb (1.2ms)
Rendered pages/about.html.erb within layouts/application (6.6ms)
Completed 200 OK in 13ms (Views: 12.7ms | ActiveRecord: 0.0ms)


Started GET "/pages/about" for 127.0.0.1 at 2011-09-26 21:20:06 -0400
  Processing by PagesController#about as HTML
Rendered shared/_header.html.erb (0.4ms)
Rendered shared/_footer.html.erb (0.4ms)
Rendered pages/about.html.erb within layouts/application (5.0ms)
Completed 200 OK in 10ms (Views: 9.5ms | ActiveRecord: 0.0ms)


Started GET "/pages/artists" for 127.0.0.1 at 2011-09-26 21:20:08 -0400
  Processing by PagesController#artists as HTML
Rendered shared/_header.html.erb (0.4ms)
Rendered shared/_footer.html.erb (0.7ms)
Rendered pages/artists.html.erb within layouts/application (9.9ms)
Completed 200 OK in 33ms (Views: 31.7ms | ActiveRecord: 0.0ms)


Started GET "/pages/contact" for 127.0.0.1 at 2011-09-26 21:20:10 -0400
  Processing by PagesController#contact as HTML
Rendered shared/_header.html.erb (0.5ms)
Rendered shared/_footer.html.erb (0.5ms)
Rendered pages/contact.html.erb within layouts/application (9.8ms)
Completed 200 OK in 22ms (Views: 21.9ms | ActiveRecord: 0.0ms)


Started GET "/pages/contact" for 127.0.0.1 at 2011-09-26 21:20:24 -0400
  Processing by PagesController#contact as HTML
Rendered shared/_header.html.erb (1.1ms)
Rendered shared/_footer.html.erb (0.4ms)
Rendered pages/contact.html.erb within layouts/application (7.1ms)
Completed 200 OK in 13ms (Views: 12.6ms | ActiveRecord: 0.0ms)


Started GET "/pages/contact" for 127.0.0.1 at 2011-09-26 21:29:31 -0400
  Processing by PagesController#contact as HTML
Rendered shared/_header.html.erb (0.5ms)
Rendered shared/_footer.html.erb (0.4ms)
Rendered pages/contact.html.erb within layouts/application (5.2ms)
Completed 200 OK in 10ms (Views: 9.5ms | ActiveRecord: 0.0ms)


Started GET "/pages/contact" for 127.0.0.1 at 2011-09-26 21:30:22 -0400
  Processing by PagesController#contact as HTML
Rendered shared/_header.html.erb (0.4ms)
Rendered shared/_footer.html.erb (0.4ms)
Rendered pages/contact.html.erb within layouts/application (5.4ms)
Completed 200 OK in 11ms (Views: 9.8ms | ActiveRecord: 0.0ms)


Started GET "/pages/contact" for 127.0.0.1 at 2011-09-26 21:31:03 -0400
  Processing by PagesController#contact as HTML
Rendered shared/_header.html.erb (0.4ms)
Rendered shared/_footer.html.erb (0.4ms)
Rendered pages/contact.html.erb within layouts/application (4.8ms)
Completed 200 OK in 10ms (Views: 9.1ms | ActiveRecord: 0.0ms)


Started GET "/" for 127.0.0.1 at 2011-09-26 21:31:17 -0400
  Processing by PagesController#root as HTML
Rendered shared/_header.html.erb (0.4ms)
Rendered shared/_footer.html.erb (0.3ms)
Rendered pages/root.html.erb within layouts/application (5.0ms)
Completed 200 OK in 10ms (Views: 9.2ms | ActiveRecord: 0.0ms)


Started GET "/" for 127.0.0.1 at 2011-09-26 21:37:17 -0400
  Processing by PagesController#root as HTML
Rendered shared/_header.html.erb (0.4ms)
Rendered shared/_footer.html.erb (0.4ms)
Rendered pages/root.html.erb within layouts/application (5.5ms)
Completed 200 OK in 11ms (Views: 10.1ms | ActiveRecord: 0.0ms)


Started GET "/" for 127.0.0.1 at 2011-09-26 21:38:04 -0400
  Processing by PagesController#root as HTML
Rendered shared/_header.html.erb (0.4ms)
Rendered shared/_footer.html.erb (0.3ms)
Rendered pages/root.html.erb within layouts/application (4.8ms)
Completed 200 OK in 10ms (Views: 9.3ms | ActiveRecord: 0.0ms)


Started GET "/" for 127.0.0.1 at 2011-09-26 21:38:20 -0400
  Processing by PagesController#root as HTML
Rendered shared/_header.html.erb (0.3ms)
Rendered shared/_footer.html.erb (0.3ms)
Rendered pages/root.html.erb within layouts/application (5.0ms)
Completed 200 OK in 10ms (Views: 9.2ms | ActiveRecord: 0.0ms)


Started GET "/" for 127.0.0.1 at 2011-09-26 21:38:30 -0400
  Processing by PagesController#root as HTML
Rendered shared/_header.html.erb (0.5ms)
Rendered shared/_footer.html.erb (0.4ms)
Rendered pages/root.html.erb within layouts/application (5.6ms)
Completed 200 OK in 11ms (Views: 10.3ms | ActiveRecord: 0.0ms)


Started GET "/" for 127.0.0.1 at 2011-09-26 21:39:05 -0400
  Processing by PagesController#root as HTML
Rendered shared/_header.html.erb (0.3ms)
Rendered shared/_footer.html.erb (0.3ms)
Rendered pages/root.html.erb within layouts/application (4.4ms)
Completed 200 OK in 9ms (Views: 8.7ms | ActiveRecord: 0.0ms)


Started GET "/" for 127.0.0.1 at 2011-09-26 21:39:31 -0400
  Processing by PagesController#root as HTML
Rendered shared/_header.html.erb (0.4ms)
Rendered shared/_footer.html.erb (0.4ms)
Rendered pages/root.html.erb within layouts/application (4.8ms)
Completed 200 OK in 9ms (Views: 8.8ms | ActiveRecord: 0.0ms)


Started GET "/" for 127.0.0.1 at 2011-09-26 21:39:48 -0400
  Processing by PagesController#root as HTML
Rendered shared/_header.html.erb (0.5ms)
Rendered shared/_footer.html.erb (0.5ms)
Rendered pages/root.html.erb within layouts/application (6.2ms)
Completed 200 OK in 11ms (Views: 10.8ms | ActiveRecord: 0.0ms)


Started GET "/" for 127.0.0.1 at 2011-09-26 21:40:19 -0400
  Processing by PagesController#root as HTML
Rendered shared/_header.html.erb (0.4ms)
Rendered shared/_footer.html.erb (0.3ms)
Rendered pages/root.html.erb within layouts/application (5.0ms)
Completed 200 OK in 10ms (Views: 9.5ms | ActiveRecord: 0.0ms)


Started GET "/" for 127.0.0.1 at 2011-09-26 21:41:04 -0400
  Processing by PagesController#root as HTML
Rendered shared/_header.html.erb (0.4ms)
Rendered shared/_footer.html.erb (0.3ms)
Rendered pages/root.html.erb within layouts/application (4.9ms)
Completed 200 OK in 9ms (Views: 8.9ms | ActiveRecord: 0.0ms)


Started GET "/" for 127.0.0.1 at 2011-09-26 21:41:12 -0400
  Processing by PagesController#root as HTML
Rendered shared/_header.html.erb (0.3ms)
Rendered shared/_footer.html.erb (0.5ms)
Rendered pages/root.html.erb within layouts/application (4.6ms)
Completed 200 OK in 10ms (Views: 9.5ms | ActiveRecord: 0.0ms)


Started GET "/" for 127.0.0.1 at 2011-09-26 21:41:25 -0400
  Processing by PagesController#root as HTML
Rendered shared/_header.html.erb (0.4ms)
Rendered shared/_footer.html.erb (0.4ms)
Rendered pages/root.html.erb within layouts/application (5.8ms)
Completed 200 OK in 10ms (Views: 9.9ms | ActiveRecord: 0.0ms)


Started GET "/" for 127.0.0.1 at 2011-09-26 21:41:49 -0400
  Processing by PagesController#root as HTML
Rendered shared/_header.html.erb (0.4ms)
Rendered shared/_footer.html.erb (0.3ms)
Rendered pages/root.html.erb within layouts/application (5.3ms)
Completed 200 OK in 10ms (Views: 9.5ms | ActiveRecord: 0.0ms)


Started GET "/" for 127.0.0.1 at 2011-09-26 21:42:32 -0400
  Processing by PagesController#root as HTML
Rendered shared/_header.html.erb (0.5ms)
Rendered shared/_footer.html.erb (0.4ms)
Rendered pages/root.html.erb within layouts/application (60.8ms)
Completed 200 OK in 67ms (Views: 65.2ms | ActiveRecord: 0.0ms)


Started GET "/" for 127.0.0.1 at 2011-09-26 21:42:49 -0400
  Processing by PagesController#root as HTML
Rendered shared/_header.html.erb (0.5ms)
Rendered shared/_footer.html.erb (0.3ms)
Rendered pages/root.html.erb within layouts/application (5.7ms)
Completed 200 OK in 11ms (Views: 11.0ms | ActiveRecord: 0.0ms)


Started GET "/" for 127.0.0.1 at 2011-09-26 21:43:06 -0400
  Processing by PagesController#root as HTML
Rendered shared/_header.html.erb (0.5ms)
Rendered shared/_footer.html.erb (0.5ms)
Rendered pages/root.html.erb within layouts/application (5.8ms)
Completed 200 OK in 11ms (Views: 10.7ms | ActiveRecord: 0.0ms)


Started GET "/" for 127.0.0.1 at 2011-09-26 21:43:11 -0400
  Processing by PagesController#root as HTML
Rendered shared/_header.html.erb (0.4ms)
Rendered shared/_footer.html.erb (0.3ms)
Rendered pages/root.html.erb within layouts/application (5.0ms)
Completed 200 OK in 12ms (Views: 11.5ms | ActiveRecord: 0.0ms)


Started GET "/" for 127.0.0.1 at 2011-09-26 21:43:16 -0400
  Processing by PagesController#root as HTML
Rendered shared/_header.html.erb (0.4ms)
Rendered shared/_footer.html.erb (0.4ms)
Rendered pages/root.html.erb within layouts/application (6.0ms)
Completed 200 OK in 12ms (Views: 11.9ms | ActiveRecord: 0.0ms)


Started GET "/" for 127.0.0.1 at 2011-09-26 21:44:29 -0400
  Processing by PagesController#root as HTML
Rendered shared/_header.html.erb (0.3ms)
Rendered shared/_footer.html.erb (0.3ms)
Rendered pages/root.html.erb within layouts/application (4.7ms)
Completed 200 OK in 9ms (Views: 8.8ms | ActiveRecord: 0.0ms)


Started GET "/" for 127.0.0.1 at 2011-09-26 21:45:07 -0400
  Processing by PagesController#root as HTML
Rendered shared/_header.html.erb (0.5ms)
Rendered shared/_footer.html.erb (0.4ms)
Rendered pages/root.html.erb within layouts/application (6.3ms)
Completed 200 OK in 11ms (Views: 10.7ms | ActiveRecord: 0.0ms)


Started GET "/" for 127.0.0.1 at 2011-09-26 21:46:13 -0400
  Processing by PagesController#root as HTML
Rendered shared/_header.html.erb (0.4ms)
Rendered shared/_footer.html.erb (0.6ms)
Rendered pages/root.html.erb within layouts/application (5.7ms)
Completed 200 OK in 11ms (Views: 10.0ms | ActiveRecord: 0.0ms)


Started GET "/" for 127.0.0.1 at 2011-09-26 21:46:25 -0400
  Processing by PagesController#root as HTML
Rendered shared/_header.html.erb (0.4ms)
Rendered shared/_footer.html.erb (0.4ms)
Rendered pages/root.html.erb within layouts/application (5.1ms)
Completed 200 OK in 10ms (Views: 9.5ms | ActiveRecord: 0.0ms)


Started GET "/" for 127.0.0.1 at 2011-09-26 21:46:32 -0400
  Processing by PagesController#root as HTML
Rendered shared/_header.html.erb (0.3ms)
Rendered shared/_footer.html.erb (0.4ms)
Rendered pages/root.html.erb within layouts/application (4.8ms)
Completed 200 OK in 11ms (Views: 9.0ms | ActiveRecord: 0.0ms)


Started GET "/" for 127.0.0.1 at 2011-09-26 21:46:38 -0400
  Processing by PagesController#root as HTML
Rendered shared/_header.html.erb (0.4ms)
Rendered shared/_footer.html.erb (0.4ms)
Rendered pages/root.html.erb within layouts/application (4.9ms)
Completed 200 OK in 10ms (Views: 9.0ms | ActiveRecord: 0.0ms)


Started GET "/" for 127.0.0.1 at 2011-09-26 21:46:44 -0400
  Processing by PagesController#root as HTML
Rendered shared/_header.html.erb (0.3ms)
Rendered shared/_footer.html.erb (1.0ms)
Rendered pages/root.html.erb within layouts/application (5.2ms)
Completed 200 OK in 15ms (Views: 13.9ms | ActiveRecord: 0.0ms)


Started GET "/" for 127.0.0.1 at 2011-09-26 21:46:51 -0400
  Processing by PagesController#root as HTML
Rendered shared/_header.html.erb (0.4ms)
Rendered shared/_footer.html.erb (0.3ms)
Rendered pages/root.html.erb within layouts/application (4.8ms)
Completed 200 OK in 14ms (Views: 13.3ms | ActiveRecord: 0.0ms)


Started GET "/" for 127.0.0.1 at 2011-09-26 21:46:55 -0400
  Processing by PagesController#root as HTML
Rendered shared/_header.html.erb (0.3ms)
Rendered shared/_footer.html.erb (0.3ms)
Rendered pages/root.html.erb within layouts/application (4.4ms)
Completed 200 OK in 9ms (Views: 8.5ms | ActiveRecord: 0.0ms)


Started GET "/" for 127.0.0.1 at 2011-09-26 21:47:03 -0400
  Processing by PagesController#root as HTML
Rendered shared/_header.html.erb (0.3ms)
Rendered shared/_footer.html.erb (0.3ms)
Rendered pages/root.html.erb within layouts/application (4.8ms)
Completed 200 OK in 12ms (Views: 10.8ms | ActiveRecord: 0.0ms)


Started GET "/" for 127.0.0.1 at 2011-09-26 21:47:14 -0400
  Processing by PagesController#root as HTML
Rendered shared/_header.html.erb (0.7ms)
Rendered shared/_footer.html.erb (0.3ms)
Rendered pages/root.html.erb within layouts/application (11.0ms)
Completed 200 OK in 16ms (Views: 15.4ms | ActiveRecord: 0.0ms)


Started GET "/" for 127.0.0.1 at 2011-09-26 21:47:26 -0400
  Processing by PagesController#root as HTML
Rendered shared/_header.html.erb (0.4ms)
Rendered shared/_footer.html.erb (0.6ms)
Rendered pages/root.html.erb within layouts/application (12.0ms)
Completed 200 OK in 17ms (Views: 16.6ms | ActiveRecord: 0.0ms)


Started GET "/" for 127.0.0.1 at 2011-09-26 21:47:41 -0400
  Processing by PagesController#root as HTML
Rendered shared/_header.html.erb (0.4ms)
Rendered shared/_footer.html.erb (0.3ms)
Rendered pages/root.html.erb within layouts/application (5.1ms)
Completed 200 OK in 10ms (Views: 9.4ms | ActiveRecord: 0.0ms)


Started GET "/" for 127.0.0.1 at 2011-09-26 21:48:23 -0400
  Processing by PagesController#root as HTML
Rendered shared/_header.html.erb (0.4ms)
Rendered shared/_footer.html.erb (0.3ms)
Rendered pages/root.html.erb within layouts/application (5.0ms)
Completed 200 OK in 10ms (Views: 9.4ms | ActiveRecord: 0.0ms)


Started GET "/" for 127.0.0.1 at 2011-09-26 21:48:35 -0400
  Processing by PagesController#root as HTML
Rendered shared/_header.html.erb (0.3ms)
Rendered shared/_footer.html.erb (0.3ms)
Rendered pages/root.html.erb within layouts/application (4.6ms)
Completed 200 OK in 10ms (Views: 9.0ms | ActiveRecord: 0.0ms)


Started GET "/" for 127.0.0.1 at 2011-09-26 21:48:54 -0400
  Processing by PagesController#root as HTML
Rendered shared/_header.html.erb (0.4ms)
Rendered shared/_footer.html.erb (0.3ms)
Rendered pages/root.html.erb within layouts/application (4.8ms)
Completed 200 OK in 10ms (Views: 9.1ms | ActiveRecord: 0.0ms)


Started GET "/" for 127.0.0.1 at 2011-09-26 21:49:20 -0400
  Processing by PagesController#root as HTML
Rendered shared/_header.html.erb (0.4ms)
Rendered shared/_footer.html.erb (0.4ms)
Rendered pages/root.html.erb within layouts/application (5.0ms)
Completed 200 OK in 10ms (Views: 9.2ms | ActiveRecord: 0.0ms)


Started GET "/" for 127.0.0.1 at 2011-09-26 21:49:51 -0400
  Processing by PagesController#root as HTML
Rendered shared/_header.html.erb (0.4ms)
Rendered shared/_footer.html.erb (0.4ms)
Rendered pages/root.html.erb within layouts/application (5.4ms)
Completed 200 OK in 11ms (Views: 10.6ms | ActiveRecord: 0.0ms)


Started GET "/" for 127.0.0.1 at 2011-09-26 21:50:10 -0400
  Processing by PagesController#root as HTML
Rendered shared/_header.html.erb (0.3ms)
Rendered shared/_footer.html.erb (0.4ms)
Rendered pages/root.html.erb within layouts/application (4.7ms)
Completed 200 OK in 10ms (Views: 9.3ms | ActiveRecord: 0.0ms)


Started GET "/" for 127.0.0.1 at 2011-09-26 21:50:23 -0400
  Processing by PagesController#root as HTML
Rendered shared/_header.html.erb (0.4ms)
Rendered shared/_footer.html.erb (0.4ms)
Rendered pages/root.html.erb within layouts/application (6.7ms)
Completed 200 OK in 11ms (Views: 10.8ms | ActiveRecord: 0.0ms)


Started GET "/" for 127.0.0.1 at 2011-09-26 21:51:39 -0400
  Processing by PagesController#root as HTML
ERROR: compiling _app_views_pages_root_html_erb__544261435331573203_70129600665140_420501786356721119 RAISED /Users/dannypeck/Sites/Symmetrical-Records/app/views/pages/root.html.erb:2: syntax error, unexpected tSTRING_BEG, expecting ')'
.../images/symmetry.png", :class="home_img" );@output_buffer.sa...
...                               ^
Function body:           def _app_views_pages_root_html_erb__544261435331573203_70129600665140_420501786356721119(local_assigns)
            _old_virtual_path, @_virtual_path = @_virtual_path, "pages/root";_old_output_buffer = @output_buffer;;@output_buffer = ActionView::OutputBuffer.new;@output_buffer.safe_concat('<p>Welcome to <strong>Symmetrical Records</strong>. Please navigate the site with the links above.</p>
');@output_buffer.append= ( image_tag "/images/symmetry.png", :class="home_img" );@output_buffer.safe_concat('
');@output_buffer.to_s
          ensure
            @_virtual_path, @output_buffer = _old_virtual_path, _old_output_buffer
          end
Backtrace: /Users/dannypeck/Sites/Symmetrical-Records/vendor/bundle/gems/actionpack-3.0.3/lib/action_view/template.rb:255:in `module_eval'
/Users/dannypeck/Sites/Symmetrical-Records/vendor/bundle/gems/actionpack-3.0.3/lib/action_view/template.rb:255:in `compile'
/Users/dannypeck/Sites/Symmetrical-Records/vendor/bundle/gems/actionpack-3.0.3/lib/action_view/template.rb:134:in `block in render'
/Users/dannypeck/Sites/Symmetrical-Records/vendor/bundle/gems/activesupport-3.0.3/lib/active_support/notifications.rb:54:in `instrument'
/Users/dannypeck/Sites/Symmetrical-Records/vendor/bundle/gems/actionpack-3.0.3/lib/action_view/template.rb:127:in `render'
/Users/dannypeck/Sites/Symmetrical-Records/vendor/bundle/gems/actionpack-3.0.3/lib/action_view/render/rendering.rb:59:in `block in _render_template'
/Users/dannypeck/Sites/Symmetrical-Records/vendor/bundle/gems/activesupport-3.0.3/lib/active_support/notifications.rb:52:in `block in instrument'
/Users/dannypeck/Sites/Symmetrical-Records/vendor/bundle/gems/activesupport-3.0.3/lib/active_support/notifications/instrumenter.rb:21:in `instrument'
/Users/dannypeck/Sites/Symmetrical-Records/vendor/bundle/gems/activesupport-3.0.3/lib/active_support/notifications.rb:52:in `instrument'
/Users/dannypeck/Sites/Symmetrical-Records/vendor/bundle/gems/actionpack-3.0.3/lib/action_view/render/rendering.rb:56:in `_render_template'
/Users/dannypeck/Sites/Symmetrical-Records/vendor/bundle/gems/actionpack-3.0.3/lib/action_view/render/rendering.rb:26:in `render'
/Users/dannypeck/Sites/Symmetrical-Records/vendor/bundle/gems/actionpack-3.0.3/lib/abstract_controller/rendering.rb:114:in `_render_template'
/Users/dannypeck/Sites/Symmetrical-Records/vendor/bundle/gems/actionpack-3.0.3/lib/abstract_controller/rendering.rb:108:in `render_to_body'
/Users/dannypeck/Sites/Symmetrical-Records/vendor/bundle/gems/actionpack-3.0.3/lib/action_controller/metal/renderers.rb:47:in `render_to_body'
/Users/dannypeck/Sites/Symmetrical-Records/vendor/bundle/gems/actionpack-3.0.3/lib/action_controller/metal/compatibility.rb:55:in `render_to_body'
/Users/dannypeck/Sites/Symmetrical-Records/vendor/bundle/gems/actionpack-3.0.3/lib/abstract_controller/rendering.rb:101:in `render_to_string'
/Users/dannypeck/Sites/Symmetrical-Records/vendor/bundle/gems/actionpack-3.0.3/lib/abstract_controller/rendering.rb:92:in `render'
/Users/dannypeck/Sites/Symmetrical-Records/vendor/bundle/gems/actionpack-3.0.3/lib/action_controller/metal/rendering.rb:17:in `render'
/Users/dannypeck/Sites/Symmetrical-Records/vendor/bundle/gems/actionpack-3.0.3/lib/action_controller/metal/instrumentation.rb:40:in `block (2 levels) in render'
/Users/dannypeck/Sites/Symmetrical-Records/vendor/bundle/gems/activesupport-3.0.3/lib/active_support/core_ext/benchmark.rb:5:in `block in ms'
/Users/dannypeck/.rvm/rubies/ruby-1.9.2-p180/lib/ruby/1.9.1/benchmark.rb:309:in `realtime'
/Users/dannypeck/Sites/Symmetrical-Records/vendor/bundle/gems/activesupport-3.0.3/lib/active_support/core_ext/benchmark.rb:5:in `ms'
/Users/dannypeck/Sites/Symmetrical-Records/vendor/bundle/gems/actionpack-3.0.3/lib/action_controller/metal/instrumentation.rb:40:in `block in render'
/Users/dannypeck/Sites/Symmetrical-Records/vendor/bundle/gems/actionpack-3.0.3/lib/action_controller/metal/instrumentation.rb:78:in `cleanup_view_runtime'
/Users/dannypeck/Sites/Symmetrical-Records/vendor/bundle/gems/activerecord-3.0.3/lib/active_record/railties/controller_runtime.rb:15:in `cleanup_view_runtime'
/Users/dannypeck/Sites/Symmetrical-Records/vendor/bundle/gems/actionpack-3.0.3/lib/action_controller/metal/instrumentation.rb:39:in `render'
/Users/dannypeck/Sites/Symmetrical-Records/vendor/bundle/gems/actionpack-3.0.3/lib/action_controller/metal/implicit_render.rb:10:in `default_render'
/Users/dannypeck/Sites/Symmetrical-Records/vendor/bundle/gems/actionpack-3.0.3/lib/action_controller/metal/implicit_render.rb:4:in `send_action'
/Users/dannypeck/Sites/Symmetrical-Records/vendor/bundle/gems/actionpack-3.0.3/lib/abstract_controller/base.rb:151:in `process_action'
/Users/dannypeck/Sites/Symmetrical-Records/vendor/bundle/gems/actionpack-3.0.3/lib/action_controller/metal/rendering.rb:11:in `process_action'
/Users/dannypeck/Sites/Symmetrical-Records/vendor/bundle/gems/actionpack-3.0.3/lib/abstract_controller/callbacks.rb:18:in `block in process_action'
/Users/dannypeck/Sites/Symmetrical-Records/vendor/bundle/gems/activesupport-3.0.3/lib/active_support/callbacks.rb:435:in `_run__3518462198979592536__process_action__2922792080439650208__callbacks'
/Users/dannypeck/Sites/Symmetrical-Records/vendor/bundle/gems/activesupport-3.0.3/lib/active_support/callbacks.rb:409:in `_run_process_action_callbacks'
/Users/dannypeck/Sites/Symmetrical-Records/vendor/bundle/gems/activesupport-3.0.3/lib/active_support/callbacks.rb:93:in `run_callbacks'
/Users/dannypeck/Sites/Symmetrical-Records/vendor/bundle/gems/actionpack-3.0.3/lib/abstract_controller/callbacks.rb:17:in `process_action'
/Users/dannypeck/Sites/Symmetrical-Records/vendor/bundle/gems/actionpack-3.0.3/lib/action_controller/metal/instrumentation.rb:30:in `block in process_action'
/Users/dannypeck/Sites/Symmetrical-Records/vendor/bundle/gems/activesupport-3.0.3/lib/active_support/notifications.rb:52:in `block in instrument'
/Users/dannypeck/Sites/Symmetrical-Records/vendor/bundle/gems/activesupport-3.0.3/lib/active_support/notifications/instrumenter.rb:21:in `instrument'
/Users/dannypeck/Sites/Symmetrical-Records/vendor/bundle/gems/activesupport-3.0.3/lib/active_support/notifications.rb:52:in `instrument'
/Users/dannypeck/Sites/Symmetrical-Records/vendor/bundle/gems/actionpack-3.0.3/lib/action_controller/metal/instrumentation.rb:29:in `process_action'
/Users/dannypeck/Sites/Symmetrical-Records/vendor/bundle/gems/actionpack-3.0.3/lib/action_controller/metal/rescue.rb:17:in `process_action'
/Users/dannypeck/Sites/Symmetrical-Records/vendor/bundle/gems/actionpack-3.0.3/lib/abstract_controller/base.rb:120:in `process'
/Users/dannypeck/Sites/Symmetrical-Records/vendor/bundle/gems/actionpack-3.0.3/lib/abstract_controller/rendering.rb:40:in `process'
/Users/dannypeck/Sites/Symmetrical-Records/vendor/bundle/gems/actionpack-3.0.3/lib/action_controller/metal.rb:138:in `dispatch'
/Users/dannypeck/Sites/Symmetrical-Records/vendor/bundle/gems/actionpack-3.0.3/lib/action_controller/metal/rack_delegation.rb:14:in `dispatch'
/Users/dannypeck/Sites/Symmetrical-Records/vendor/bundle/gems/actionpack-3.0.3/lib/action_controller/metal.rb:178:in `block in action'
/Users/dannypeck/Sites/Symmetrical-Records/vendor/bundle/gems/actionpack-3.0.3/lib/action_dispatch/routing/route_set.rb:62:in `call'
/Users/dannypeck/Sites/Symmetrical-Records/vendor/bundle/gems/actionpack-3.0.3/lib/action_dispatch/routing/route_set.rb:62:in `dispatch'
/Users/dannypeck/Sites/Symmetrical-Records/vendor/bundle/gems/actionpack-3.0.3/lib/action_dispatch/routing/route_set.rb:27:in `call'
/Users/dannypeck/Sites/Symmetrical-Records/vendor/bundle/gems/rack-mount-0.6.14/lib/rack/mount/route_set.rb:148:in `block in call'
/Users/dannypeck/Sites/Symmetrical-Records/vendor/bundle/gems/rack-mount-0.6.14/lib/rack/mount/code_generation.rb:93:in `block in recognize'
/Users/dannypeck/Sites/Symmetrical-Records/vendor/bundle/gems/rack-mount-0.6.14/lib/rack/mount/code_generation.rb:75:in `optimized_each'
/Users/dannypeck/Sites/Symmetrical-Records/vendor/bundle/gems/rack-mount-0.6.14/lib/rack/mount/code_generation.rb:92:in `recognize'
/Users/dannypeck/Sites/Symmetrical-Records/vendor/bundle/gems/rack-mount-0.6.14/lib/rack/mount/route_set.rb:139:in `call'
/Users/dannypeck/Sites/Symmetrical-Records/vendor/bundle/gems/actionpack-3.0.3/lib/action_dispatch/routing/route_set.rb:492:in `call'
/Users/dannypeck/Sites/Symmetrical-Records/vendor/bundle/gems/actionpack-3.0.3/lib/action_dispatch/middleware/best_standards_support.rb:17:in `call'
/Users/dannypeck/Sites/Symmetrical-Records/vendor/bundle/gems/actionpack-3.0.3/lib/action_dispatch/middleware/head.rb:14:in `call'
/Users/dannypeck/Sites/Symmetrical-Records/vendor/bundle/gems/rack-1.2.2/lib/rack/methodoverride.rb:24:in `call'
/Users/dannypeck/Sites/Symmetrical-Records/vendor/bundle/gems/actionpack-3.0.3/lib/action_dispatch/middleware/params_parser.rb:21:in `call'
/Users/dannypeck/Sites/Symmetrical-Records/vendor/bundle/gems/actionpack-3.0.3/lib/action_dispatch/middleware/flash.rb:182:in `call'
/Users/dannypeck/Sites/Symmetrical-Records/vendor/bundle/gems/actionpack-3.0.3/lib/action_dispatch/middleware/session/abstract_store.rb:149:in `call'
/Users/dannypeck/Sites/Symmetrical-Records/vendor/bundle/gems/actionpack-3.0.3/lib/action_dispatch/middleware/cookies.rb:295:in `call'
/Users/dannypeck/Sites/Symmetrical-Records/vendor/bundle/gems/activerecord-3.0.3/lib/active_record/query_cache.rb:32:in `block in call'
/Users/dannypeck/Sites/Symmetrical-Records/vendor/bundle/gems/activerecord-3.0.3/lib/active_record/connection_adapters/abstract/query_cache.rb:28:in `cache'
/Users/dannypeck/Sites/Symmetrical-Records/vendor/bundle/gems/activerecord-3.0.3/lib/active_record/query_cache.rb:12:in `cache'
/Users/dannypeck/Sites/Symmetrical-Records/vendor/bundle/gems/activerecord-3.0.3/lib/active_record/query_cache.rb:31:in `call'
/Users/dannypeck/Sites/Symmetrical-Records/vendor/bundle/gems/activerecord-3.0.3/lib/active_record/connection_adapters/abstract/connection_pool.rb:353:in `call'
/Users/dannypeck/Sites/Symmetrical-Records/vendor/bundle/gems/actionpack-3.0.3/lib/action_dispatch/middleware/callbacks.rb:46:in `block in call'
/Users/dannypeck/Sites/Symmetrical-Records/vendor/bundle/gems/activesupport-3.0.3/lib/active_support/callbacks.rb:415:in `_run_call_callbacks'
/Users/dannypeck/Sites/Symmetrical-Records/vendor/bundle/gems/actionpack-3.0.3/lib/action_dispatch/middleware/callbacks.rb:44:in `call'
/Users/dannypeck/Sites/Symmetrical-Records/vendor/bundle/gems/rack-1.2.2/lib/rack/sendfile.rb:107:in `call'
/Users/dannypeck/Sites/Symmetrical-Records/vendor/bundle/gems/actionpack-3.0.3/lib/action_dispatch/middleware/remote_ip.rb:48:in `call'
/Users/dannypeck/Sites/Symmetrical-Records/vendor/bundle/gems/actionpack-3.0.3/lib/action_dispatch/middleware/show_exceptions.rb:46:in `call'
/Users/dannypeck/Sites/Symmetrical-Records/vendor/bundle/gems/railties-3.0.3/lib/rails/rack/logger.rb:13:in `call'
/Users/dannypeck/Sites/Symmetrical-Records/vendor/bundle/gems/rack-1.2.2/lib/rack/runtime.rb:17:in `call'
/Users/dannypeck/Sites/Symmetrical-Records/vendor/bundle/gems/activesupport-3.0.3/lib/active_support/cache/strategy/local_cache.rb:72:in `call'
/Users/dannypeck/Sites/Symmetrical-Records/vendor/bundle/gems/rack-1.2.2/lib/rack/lock.rb:11:in `block in call'
<internal:prelude>:10:in `synchronize'
/Users/dannypeck/Sites/Symmetrical-Records/vendor/bundle/gems/rack-1.2.2/lib/rack/lock.rb:11:in `call'
/Users/dannypeck/Sites/Symmetrical-Records/vendor/bundle/gems/actionpack-3.0.3/lib/action_dispatch/middleware/static.rb:30:in `call'
/Users/dannypeck/Sites/Symmetrical-Records/vendor/bundle/gems/railties-3.0.3/lib/rails/application.rb:168:in `call'
/Users/dannypeck/Sites/Symmetrical-Records/vendor/bundle/gems/railties-3.0.3/lib/rails/application.rb:77:in `method_missing'
/Users/dannypeck/.passenger/standalone/3.0.9-x86_64-ruby1.9.2-macosx-10.7/support/lib/phusion_passenger/rack/request_handler.rb:96:in `process_request'
/Users/dannypeck/.passenger/standalone/3.0.9-x86_64-ruby1.9.2-macosx-10.7/support/lib/phusion_passenger/abstract_request_handler.rb:513:in `accept_and_process_next_request'
/Users/dannypeck/.passenger/standalone/3.0.9-x86_64-ruby1.9.2-macosx-10.7/support/lib/phusion_passenger/abstract_request_handler.rb:274:in `main_loop'
/Users/dannypeck/.passenger/standalone/3.0.9-x86_64-ruby1.9.2-macosx-10.7/support/lib/phusion_passenger/rack/application_spawner.rb:205:in `start_request_handler'
/Users/dannypeck/.passenger/standalone/3.0.9-x86_64-ruby1.9.2-macosx-10.7/support/lib/phusion_passenger/rack/application_spawner.rb:170:in `block in handle_spawn_application'
/Users/dannypeck/.passenger/standalone/3.0.9-x86_64-ruby1.9.2-macosx-10.7/support/lib/phusion_passenger/utils.rb:479:in `safe_fork'
/Users/dannypeck/.passenger/standalone/3.0.9-x86_64-ruby1.9.2-macosx-10.7/support/lib/phusion_passenger/rack/application_spawner.rb:165:in `handle_spawn_application'
/Users/dannypeck/.passenger/standalone/3.0.9-x86_64-ruby1.9.2-macosx-10.7/support/lib/phusion_passenger/abstract_server.rb:357:in `server_main_loop'
/Users/dannypeck/.passenger/standalone/3.0.9-x86_64-ruby1.9.2-macosx-10.7/support/lib/phusion_passenger/abstract_server.rb:206:in `start_synchronously'
/Users/dannypeck/.passenger/standalone/3.0.9-x86_64-ruby1.9.2-macosx-10.7/support/lib/phusion_passenger/abstract_server.rb:180:in `start'
/Users/dannypeck/.passenger/standalone/3.0.9-x86_64-ruby1.9.2-macosx-10.7/support/lib/phusion_passenger/rack/application_spawner.rb:128:in `start'
/Users/dannypeck/.passenger/standalone/3.0.9-x86_64-ruby1.9.2-macosx-10.7/support/lib/phusion_passenger/spawn_manager.rb:253:in `block (2 levels) in spawn_rack_application'
/Users/dannypeck/.passenger/standalone/3.0.9-x86_64-ruby1.9.2-macosx-10.7/support/lib/phusion_passenger/abstract_server_collection.rb:132:in `lookup_or_add'
/Users/dannypeck/.passenger/standalone/3.0.9-x86_64-ruby1.9.2-macosx-10.7/support/lib/phusion_passenger/spawn_manager.rb:246:in `block in spawn_rack_application'
/Users/dannypeck/.passenger/standalone/3.0.9-x86_64-ruby1.9.2-macosx-10.7/support/lib/phusion_passenger/abstract_server_collection.rb:82:in `block in synchronize'
<internal:prelude>:10:in `synchronize'
/Users/dannypeck/.passenger/standalone/3.0.9-x86_64-ruby1.9.2-macosx-10.7/support/lib/phusion_passenger/abstract_server_collection.rb:79:in `synchronize'
/Users/dannypeck/.passenger/standalone/3.0.9-x86_64-ruby1.9.2-macosx-10.7/support/lib/phusion_passenger/spawn_manager.rb:244:in `spawn_rack_application'
/Users/dannypeck/.passenger/standalone/3.0.9-x86_64-ruby1.9.2-macosx-10.7/support/lib/phusion_passenger/spawn_manager.rb:137:in `spawn_application'
/Users/dannypeck/.passenger/standalone/3.0.9-x86_64-ruby1.9.2-macosx-10.7/support/lib/phusion_passenger/spawn_manager.rb:275:in `handle_spawn_application'
/Users/dannypeck/.passenger/standalone/3.0.9-x86_64-ruby1.9.2-macosx-10.7/support/lib/phusion_passenger/abstract_server.rb:357:in `server_main_loop'
/Users/dannypeck/.passenger/standalone/3.0.9-x86_64-ruby1.9.2-macosx-10.7/support/lib/phusion_passenger/abstract_server.rb:206:in `start_synchronously'
/Users/dannypeck/.passenger/standalone/3.0.9-x86_64-ruby1.9.2-macosx-10.7/support/helper-scripts/passenger-spawn-server:99:in `<main>'
Rendered pages/root.html.erb within layouts/application (0.9ms)
Completed   in 5ms

ActionView::Template::Error (/Users/dannypeck/Sites/Symmetrical-Records/app/views/pages/root.html.erb:2: syntax error, unexpected tSTRING_BEG, expecting ')'
.../images/symmetry.png", :class="home_img" );@output_buffer.sa...
...                               ^):
    1: <p>Welcome to <strong>Symmetrical Records</strong>. Please navigate the site with the links above.</p>
    2: <%= image_tag "/images/symmetry.png", :class="home_img" %>
  

Rendered vendor/bundle/gems/actionpack-3.0.3/lib/action_dispatch/middleware/templates/rescues/_trace.erb (1.7ms)
Rendered vendor/bundle/gems/actionpack-3.0.3/lib/action_dispatch/middleware/templates/rescues/_request_and_response.erb (40.9ms)
Rendered vendor/bundle/gems/actionpack-3.0.3/lib/action_dispatch/middleware/templates/rescues/template_error.erb within rescues/layout (49.2ms)


Started GET "/" for 127.0.0.1 at 2011-09-26 21:51:49 -0400
  Processing by PagesController#root as HTML
Rendered shared/_header.html.erb (0.4ms)
Rendered shared/_footer.html.erb (0.3ms)
Rendered pages/root.html.erb within layouts/application (6.0ms)
Completed 200 OK in 12ms (Views: 11.1ms | ActiveRecord: 0.0ms)
